<?xml version="1.0" encoding="UTF-8"?>
<testng-results skipped="0" failed="0" total="2" passed="2">
  <reporter-output>
    <line>
      <![CDATA[======browser session started===========]]>
    </line>
    <line>
      <![CDATA[======Application started===========]]>
    </line>
    <line>
      <![CDATA[======browser session ended===========]]>
    </line>
  </reporter-output>
  <suite name="Default suite" duration-ms="13476" started-at="2021-02-28T07:40:22Z" finished-at="2021-02-28T07:40:36Z">
    <groups>
    </groups>
    <test name="Default test" duration-ms="13476" started-at="2021-02-28T07:40:22Z" finished-at="2021-02-28T07:40:36Z">
      <class name="test.ExtentReportsDemo">
        <test-method status="PASS" signature="setUpTest()[pri:0, instance:test.ExtentReportsDemo@5ce81285]" name="setUpTest" is-config="true" duration-ms="212" started-at="2021-02-28T13:10:22Z" finished-at="2021-02-28T13:10:22Z">
          <reporter-output>
          </reporter-output>
        </test-method> <!-- setUpTest -->
        <test-method status="PASS" signature="beforeTest()[pri:0, instance:test.ExtentReportsDemo@5ce81285]" name="beforeTest" is-config="true" duration-ms="6040" started-at="2021-02-28T13:10:22Z" finished-at="2021-02-28T13:10:28Z">
          <reporter-output>
            <line>
              <![CDATA[======browser session started===========]]>
            </line>
            <line>
              <![CDATA[======Application started===========]]>
            </line>
          </reporter-output>
        </test-method> <!-- beforeTest -->
        <test-method status="PASS" signature="test1(java.lang.String, java.lang.String)[pri:0, instance:test.ExtentReportsDemo@5ce81285]" name="test1" duration-ms="1627" started-at="2021-02-28T13:10:29Z" description="Login with credentials" data-provider="test1data" finished-at="2021-02-28T13:10:31Z">
          <params>
            <param index="0">
              <value>
                <![CDATA[Admin2]]>
              </value>
            </param>
            <param index="1">
              <value>
                <![CDATA[admin1234]]>
              </value>
            </param>
          </params>
          <reporter-output>
          </reporter-output>
        </test-method> <!-- test1 -->
        <test-method status="PASS" signature="test1(java.lang.String, java.lang.String)[pri:0, instance:test.ExtentReportsDemo@5ce81285]" name="test1" duration-ms="4375" started-at="2021-02-28T13:10:31Z" description="Login with credentials" data-provider="test1data" finished-at="2021-02-28T13:10:35Z">
          <params>
            <param index="0">
              <value>
                <![CDATA[Admin]]>
              </value>
            </param>
            <param index="1">
              <value>
                <![CDATA[admin123]]>
              </value>
            </param>
          </params>
          <reporter-output>
          </reporter-output>
        </test-method> <!-- test1 -->
        <test-method status="PASS" signature="afterTest()[pri:0, instance:test.ExtentReportsDemo@5ce81285]" name="afterTest" is-config="true" duration-ms="757" started-at="2021-02-28T13:10:35Z" finished-at="2021-02-28T13:10:36Z">
          <reporter-output>
            <line>
              <![CDATA[======browser session ended===========]]>
            </line>
          </reporter-output>
        </test-method> <!-- afterTest -->
        <test-method status="PASS" signature="tearDown()[pri:0, instance:test.ExtentReportsDemo@5ce81285]" name="tearDown" is-config="true" duration-ms="229" started-at="2021-02-28T13:10:36Z" finished-at="2021-02-28T13:10:36Z">
          <reporter-output>
          </reporter-output>
        </test-method> <!-- tearDown -->
      </class> <!-- test.ExtentReportsDemo -->
    </test> <!-- Default test -->
  </suite> <!-- Default suite -->
</testng-results>
